2021-03-18 21:11:05.304099 clear
2021-03-18 21:11:07.603195 add
2021-03-18 21:11:12.022448 history
2021-03-18 21:11:46.785104 clear
2021-03-18 21:11:48.541183 add
2021-03-18 21:11:50.965649 history
2021-03-18 21:12:29.573897 clear
2021-03-18 21:12:30.779114 add
2021-03-18 21:12:33.304711 history
2021-03-18 21:12:39.855751 save
2021-03-18 21:22:53.614471 clear
2021-03-18 21:22:55.168069 add
2021-03-18 21:22:58.519587 save
2021-03-18 21:23:14.549049 history'
2021-03-18 21:23:52.774912 clear
2021-03-18 21:23:54.632943 load
2021-03-18 21:24:00.456321 history
2021-03-18 21:26:56.859140 clear
2021-03-18 21:26:58.506612 load
2021-03-18 21:27:03.498322 history
2021-03-18 21:27:08.876854 subtract
2021-03-18 21:27:11.955111 save
2021-03-18 21:31:21.234118 clear
2021-03-18 21:31:23.953477 load
2021-03-18 21:31:34.358992 clear
2021-03-18 21:31:36.247992 load
2021-03-18 21:31:44.976721 save history report
